<?xml version="1.0" encoding="UTF-8"?>
<!-- Generated by org.testng.reporters.JUnitReportReporter -->
<testsuite hostname="DESKTOP-PQ3SD9G" failures="0" tests="5" name="amazontest.NavigationMenuTestCases" time="301.914" errors="1" timestamp="2023-03-15T01:06:35 IST" skipped="0">
  <testcase classname="amazontest.NavigationMenuTestCases" name="verifyHomePage" time="36.817"/>
  <system-out>
    <![CDATA[PASS ::  Amazon home page is displayed]]>
  </system-out>
  <testcase classname="amazontest.NavigationMenuTestCases" name="verifyTodaysDealNavigationMenuPage" time="117.707"/>
  <system-out>
    <![CDATA[PASS ::  Amazon home page is displayed
PASS ::  Todays deal page is displayed]]>
  </system-out>
  <testcase classname="amazontest.NavigationMenuTestCases" name="verifyCustomerServiceNavigationMenupage" time="76.705">
    <error message="Expected condition failed: waiting for title to be &quot;Help - Amazon Customer Service&quot;. Current title: &quot;Help &amp; Contact Us - Amazon Customer Service&quot; (tried for 20 second(s) with 500 milliseconds interval)
Build info: version: &#039;4.8.1&#039;, revision: &#039;8ebccac989&#039;
System info: os.name: &#039;Windows 10&#039;, os.arch: &#039;amd64&#039;, os.version: &#039;10.0&#039;, java.version: &#039;16.0.1&#039;
Driver info: org.openqa.selenium.firefox.FirefoxDriver
Capabilities {acceptInsecureCerts: true, browserName: firefox, browserVersion: 84.0.2, moz:accessibilityChecks: false, moz:buildID: 20210105180113, moz:geckodriverVersion: 0.32.2, moz:headless: false, moz:processID: 1964, moz:profile: C:\Users\MOON\AppData\Local..., moz:shutdownTimeout: 60000, moz:useNonSpecCompliantPointerOrigin: false, moz:webdriverClick: true, pageLoadStrategy: normal, platformName: WINDOWS, platformVersion: 10.0, rotatable: false, setWindowRect: true, strictFileInteractability: false, timeouts: {implicit: 0, pageLoad: 300000, script: 30000}, unhandledPromptBehavior: dismiss and notify}
Session ID: f8072976-a141-48ac-99cf-1efbf2831310" type="org.openqa.selenium.TimeoutException">
      <![CDATA[org.openqa.selenium.TimeoutException: Expected condition failed: waiting for title to be "Help - Amazon Customer Service". Current title: "Help & Contact Us - Amazon Customer Service" (tried for 20 second(s) with 500 milliseconds interval)
Build info: version: '4.8.1', revision: '8ebccac989'
System info: os.name: 'Windows 10', os.arch: 'amd64', os.version: '10.0', java.version: '16.0.1'
Driver info: org.openqa.selenium.firefox.FirefoxDriver
Capabilities {acceptInsecureCerts: true, browserName: firefox, browserVersion: 84.0.2, moz:accessibilityChecks: false, moz:buildID: 20210105180113, moz:geckodriverVersion: 0.32.2, moz:headless: false, moz:processID: 1964, moz:profile: C:\Users\MOON\AppData\Local..., moz:shutdownTimeout: 60000, moz:useNonSpecCompliantPointerOrigin: false, moz:webdriverClick: true, pageLoadStrategy: normal, platformName: WINDOWS, platformVersion: 10.0, rotatable: false, setWindowRect: true, strictFileInteractability: false, timeouts: {implicit: 0, pageLoad: 300000, script: 30000}, unhandledPromptBehavior: dismiss and notify}
Session ID: f8072976-a141-48ac-99cf-1efbf2831310
at org.openqa.selenium.support.ui.WebDriverWait.timeoutException(WebDriverWait.java:87)
at org.openqa.selenium.support.ui.FluentWait.until(FluentWait.java:231)
at com.amazon.orgname.genericutilities.WebDriverUtility.titleVerification(WebDriverUtility.java:26)
at amazontest.NavigationMenuTestCases.verifyCustomerServiceNavigationMenupage(NavigationMenuTestCases.java:62)
at java.base/jdk.internal.reflect.NativeMethodAccessorImpl.invoke0(Native Method)
at java.base/jdk.internal.reflect.NativeMethodAccessorImpl.invoke(NativeMethodAccessorImpl.java:78)
at java.base/jdk.internal.reflect.DelegatingMethodAccessorImpl.invoke(DelegatingMethodAccessorImpl.java:43)
at java.base/java.lang.reflect.Method.invoke(Method.java:567)
at org.testng.internal.invokers.MethodInvocationHelper.invokeMethod(MethodInvocationHelper.java:139)
at org.testng.internal.invokers.TestInvoker.invokeMethod(TestInvoker.java:677)
at org.testng.internal.invokers.TestInvoker.invokeTestMethod(TestInvoker.java:221)
at org.testng.internal.invokers.MethodRunner.runInSequence(MethodRunner.java:50)
at org.testng.internal.invokers.TestInvoker$MethodInvocationAgent.invoke(TestInvoker.java:969)
at org.testng.internal.invokers.TestInvoker.invokeTestMethods(TestInvoker.java:194)
at org.testng.internal.invokers.TestMethodWorker.invokeTestMethods(TestMethodWorker.java:148)
at org.testng.internal.invokers.TestMethodWorker.run(TestMethodWorker.java:128)
at java.base/java.util.ArrayList.forEach(ArrayList.java:1511)
at org.testng.TestRunner.privateRun(TestRunner.java:829)
at org.testng.TestRunner.run(TestRunner.java:602)
at org.testng.SuiteRunner.runTest(SuiteRunner.java:437)
at org.testng.SuiteRunner.runSequentially(SuiteRunner.java:431)
at org.testng.SuiteRunner.privateRun(SuiteRunner.java:391)
at org.testng.SuiteRunner.run(SuiteRunner.java:330)
at org.testng.SuiteRunnerWorker.runSuite(SuiteRunnerWorker.java:52)
at org.testng.SuiteRunnerWorker.run(SuiteRunnerWorker.java:95)
at org.testng.TestNG.runSuitesSequentially(TestNG.java:1256)
at org.testng.TestNG.runSuitesLocally(TestNG.java:1176)
at org.testng.TestNG.runSuites(TestNG.java:1099)
at org.testng.TestNG.run(TestNG.java:1067)
at org.testng.remote.AbstractRemoteTestNG.run(AbstractRemoteTestNG.java:115)
at org.testng.remote.RemoteTestNG.initAndRun(RemoteTestNG.java:251)
at org.testng.remote.RemoteTestNG.main(RemoteTestNG.java:77)
]]>
    </error>
  </testcase> <!-- verifyCustomerServiceNavigationMenupage -->
  <system-out>
    <![CDATA[PASS ::  Amazon home page is displayed]]>
  </system-out>
  <testcase classname="amazontest.NavigationMenuTestCases" name="verifyRegistryNavigationMenu" time="23.950"/>
  <system-out>
    <![CDATA[PASS ::  Amazon home page is displayed
PASS ::  Registry page is displayed]]>
  </system-out>
  <testcase classname="amazontest.NavigationMenuTestCases" name="verifySellNavigationMenuPage" time="46.735"/>
  <system-out>
    <![CDATA[PASS ::  Amazon home page is displayed
PASS ::  Registry page is displayed]]>
  </system-out>
</testsuite> <!-- amazontest.NavigationMenuTestCases -->
