<?xml version="1.0" encoding="UTF-8"?>
<!-- Generated by org.testng.reporters.JUnitReportReporter -->
<testsuite hostname="DESKTOP-PQ3SD9G" failures="0" tests="5" name="amazontest.NavigationMenuTestCases" time="267.671" errors="0" timestamp="2023-03-15T01:18:35 IST" skipped="0">
  <testcase classname="amazontest.NavigationMenuTestCases" name="verifyHomePage" time="82.306"/>
  <system-out>
    <![CDATA[PASS ::  Amazon home page is displayed]]>
  </system-out>
  <testcase classname="amazontest.NavigationMenuTestCases" name="verifyTodaysDealNavigationMenuPage" time="73.695"/>
  <system-out>
    <![CDATA[PASS ::  Amazon home page is displayed
PASS ::  Todays deal page is displayed]]>
  </system-out>
  <testcase classname="amazontest.NavigationMenuTestCases" name="verifyCustomerServiceNavigationMenupage" time="34.817"/>
  <system-out>
    <![CDATA[PASS ::  Amazon home page is displayed
PASS ::  Customer Service  page is displayed]]>
  </system-out>
  <testcase classname="amazontest.NavigationMenuTestCases" name="verifyRegistryNavigationMenu" time="26.963"/>
  <system-out>
    <![CDATA[PASS ::  Amazon home page is displayed
PASS ::  Registry page is displayed]]>
  </system-out>
  <testcase classname="amazontest.NavigationMenuTestCases" name="verifySellNavigationMenuPage" time="49.890"/>
  <system-out>
    <![CDATA[PASS ::  Amazon home page is displayed
PASS ::  Registry page is displayed]]>
  </system-out>
</testsuite> <!-- amazontest.NavigationMenuTestCases -->
